[debug] [2022-12-28T06:29:41.272Z] ----------------------------------------------------------------------
[debug] [2022-12-28T06:29:41.274Z] Command:       D:\Program Files\nodejs\node.exe C:\Users\Admin\AppData\Roaming\npm\node_modules\firebase-tools\lib\bin\firebase.js init
[debug] [2022-12-28T06:29:41.274Z] CLI Version:   11.19.0
[debug] [2022-12-28T06:29:41.274Z] Platform:      win32
[debug] [2022-12-28T06:29:41.274Z] Node Version:  v16.16.0
[debug] [2022-12-28T06:29:41.276Z] Time:          Wed Dec 28 2022 11:59:41 GMT+0530 (India Standard Time)
[debug] [2022-12-28T06:29:41.276Z] ----------------------------------------------------------------------
[debug] 
[debug] [2022-12-28T06:29:41.282Z] > command requires scopes: ["email","openid","https://www.googleapis.com/auth/cloudplatformprojects.readonly","https://www.googleapis.com/auth/firebase","https://www.googleapis.com/auth/cloud-platform"]
[debug] [2022-12-28T06:29:41.283Z] > authorizing via signed-in user (anshulsoni2022@gmail.com)
[info] 
     ######## #### ########  ######## ########     ###     ######  ########
     ##        ##  ##     ## ##       ##     ##  ##   ##  ##       ##
     ######    ##  ########  ######   ########  #########  ######  ######
     ##        ##  ##    ##  ##       ##     ## ##     ##       ## ##
     ##       #### ##     ## ######## ########  ##     ##  ######  ########

You're about to initialize a Firebase project in this directory:

  D:\all work\WORKING STACKS\INVOICE MAKER SOFTWARE

[info] 
=== Project Setup
[info] 
[info] First, let's associate this project directory with a Firebase project.
[info] You can create multiple project aliases by running firebase use --add, 
[info] but for now we'll just set up a default project.
[info] 
[debug] [2022-12-28T06:31:00.527Z] >>> [apiv2][query] GET https://firebase.googleapis.com/v1beta1/projects pageSize=100
[debug] [2022-12-28T06:31:01.713Z] <<< [apiv2][status] GET https://firebase.googleapis.com/v1beta1/projects 200
[debug] [2022-12-28T06:31:01.713Z] <<< [apiv2][body] GET https://firebase.googleapis.com/v1beta1/projects [omitted]
[info] i  Using project invoice-maker-software (Invoice Maker Software) 
[info] 
=== Database Setup
[info] i  database: ensuring required API firebasedatabase.googleapis.com is enabled... 
[debug] [2022-12-28T06:31:07.784Z] >>> [apiv2][query] GET https://serviceusage.googleapis.com/v1/projects/invoice-maker-software/services/firebasedatabase.googleapis.com [none]
[debug] [2022-12-28T06:31:07.785Z] >>> [apiv2][(partial)header] GET https://serviceusage.googleapis.com/v1/projects/invoice-maker-software/services/firebasedatabase.googleapis.com x-goog-quota-user=projects/invoice-maker-software
[debug] [2022-12-28T06:31:10.062Z] <<< [apiv2][status] GET https://serviceusage.googleapis.com/v1/projects/invoice-maker-software/services/firebasedatabase.googleapis.com 200
[debug] [2022-12-28T06:31:10.062Z] <<< [apiv2][body] GET https://serviceusage.googleapis.com/v1/projects/invoice-maker-software/services/firebasedatabase.googleapis.com [omitted]
[warn] !  database: missing required API firebasedatabase.googleapis.com. Enabling now... 
[debug] [2022-12-28T06:31:10.064Z] >>> [apiv2][query] POST https://serviceusage.googleapis.com/v1/projects/invoice-maker-software/services/firebasedatabase.googleapis.com:enable [none]
[debug] [2022-12-28T06:31:10.064Z] >>> [apiv2][(partial)header] POST https://serviceusage.googleapis.com/v1/projects/invoice-maker-software/services/firebasedatabase.googleapis.com:enable x-goog-quota-user=projects/invoice-maker-software
[debug] [2022-12-28T06:31:12.328Z] <<< [apiv2][status] POST https://serviceusage.googleapis.com/v1/projects/invoice-maker-software/services/firebasedatabase.googleapis.com:enable 200
[debug] [2022-12-28T06:31:12.328Z] <<< [apiv2][body] POST https://serviceusage.googleapis.com/v1/projects/invoice-maker-software/services/firebasedatabase.googleapis.com:enable [omitted]
[debug] [2022-12-28T06:31:22.338Z] >>> [apiv2][query] GET https://serviceusage.googleapis.com/v1/projects/invoice-maker-software/services/firebasedatabase.googleapis.com [none]
[debug] [2022-12-28T06:31:22.339Z] >>> [apiv2][(partial)header] GET https://serviceusage.googleapis.com/v1/projects/invoice-maker-software/services/firebasedatabase.googleapis.com x-goog-quota-user=projects/invoice-maker-software
[debug] [2022-12-28T06:31:24.594Z] <<< [apiv2][status] GET https://serviceusage.googleapis.com/v1/projects/invoice-maker-software/services/firebasedatabase.googleapis.com 200
[debug] [2022-12-28T06:31:24.594Z] <<< [apiv2][body] GET https://serviceusage.googleapis.com/v1/projects/invoice-maker-software/services/firebasedatabase.googleapis.com [omitted]
[info] +  database: required API firebasedatabase.googleapis.com is enabled 
[info] 
[debug] [2022-12-28T06:31:24.597Z] >>> [apiv2][query] GET https://firebase.googleapis.com/v1beta1/projects/invoice-maker-software [none]
[debug] [2022-12-28T06:31:25.256Z] <<< [apiv2][status] GET https://firebase.googleapis.com/v1beta1/projects/invoice-maker-software 200
[debug] [2022-12-28T06:31:25.256Z] <<< [apiv2][body] GET https://firebase.googleapis.com/v1beta1/projects/invoice-maker-software {"projectId":"invoice-maker-software","projectNumber":"377353683680","displayName":"Invoice Maker Software","name":"projects/invoice-maker-software","resources":{"hostingSite":"invoice-maker-software"},"state":"ACTIVE","etag":"1_27eb1feb-600b-4d04-a06e-eeabeee11057"}
[debug] [2022-12-28T06:32:42.970Z] >>> [apiv2][query] POST https://firebasedatabase.googleapis.com/v1beta/projects/invoice-maker-software/locations/asia-southeast1/instances databaseId=invoice-maker-software-default-rtdb&validateOnly=true
[debug] [2022-12-28T06:32:42.970Z] >>> [apiv2][body] POST https://firebasedatabase.googleapis.com/v1beta/projects/invoice-maker-software/locations/asia-southeast1/instances {"type":"default_database"}
[debug] [2022-12-28T06:32:44.482Z] <<< [apiv2][status] POST https://firebasedatabase.googleapis.com/v1beta/projects/invoice-maker-software/locations/asia-southeast1/instances 200
[debug] [2022-12-28T06:32:44.483Z] <<< [apiv2][body] POST https://firebasedatabase.googleapis.com/v1beta/projects/invoice-maker-software/locations/asia-southeast1/instances {"name":"projects/377353683680/locations/asia-southeast1/instances/invoice-maker-software-default-rtdb","project":"projects/377353683680","databaseUrl":"https://invoice-maker-software-default-rtdb.asia-southeast1.firebasedatabase.app","type":"DEFAULT_DATABASE","state":"ACTIVE"}
[debug] [2022-12-28T06:32:44.484Z] >>> [apiv2][query] POST https://firebasedatabase.googleapis.com/v1beta/projects/invoice-maker-software/locations/asia-southeast1/instances databaseId=invoice-maker-software-default-rtdb
[debug] [2022-12-28T06:32:44.484Z] >>> [apiv2][body] POST https://firebasedatabase.googleapis.com/v1beta/projects/invoice-maker-software/locations/asia-southeast1/instances {"type":"default_database"}
[debug] [2022-12-28T06:32:45.794Z] <<< [apiv2][status] POST https://firebasedatabase.googleapis.com/v1beta/projects/invoice-maker-software/locations/asia-southeast1/instances 200
[debug] [2022-12-28T06:32:45.794Z] <<< [apiv2][body] POST https://firebasedatabase.googleapis.com/v1beta/projects/invoice-maker-software/locations/asia-southeast1/instances {"name":"projects/377353683680/locations/asia-southeast1/instances/invoice-maker-software-default-rtdb","project":"projects/377353683680","databaseUrl":"https://invoice-maker-software-default-rtdb.asia-southeast1.firebasedatabase.app","type":"DEFAULT_DATABASE","state":"ACTIVE"}
[info] 
[info] Firebase Realtime Database Security Rules allow you to define how your data should be
[info] structured and when your data can be read from and written to.
[info] 
[debug] [2022-12-28T06:32:58.388Z] >>> [apiv2][query] GET https://invoice-maker-software-default-rtdb.asia-southeast1.firebasedatabase.app/.settings/rules.json [none]
[debug] [2022-12-28T06:33:00.506Z] <<< [apiv2][status] GET https://invoice-maker-software-default-rtdb.asia-southeast1.firebasedatabase.app/.settings/rules.json 200
[debug] [2022-12-28T06:33:00.506Z] <<< [apiv2][body] GET https://invoice-maker-software-default-rtdb.asia-southeast1.firebasedatabase.app/.settings/rules.json [stream]
[info] +  Database Rules for invoice-maker-software-default-rtdb have been written to firebase deploy. 
[info] Future modifications to firebase deploy will update Realtime Database Security Rules when you run
[info] firebase deploy.
[info] 
[info] i  Writing configuration info to firebase.json... 
[info] i  Writing project information to .firebaserc... 
[info] i  Writing gitignore file to .gitignore... 
[info] 
[info] +  Firebase initialization complete! 
